<?xml version="1.0" encoding="UTF-8" ?>
<testsuite tests="3" failures="0" name="com.selflife.service.test.QueryCommandAllServiceTest" time="1.903" errors="1" skipped="0">
  <properties>
[...]
</properties>
  <testcase classname="com.selflife.service.test.QueryCommandAllServiceTest" name="queryCommandServiceTest" time="0.618"/>
  <testcase classname="com.selflife.service.test.QueryCommandAllServiceTest" name="queryCommandsByTimeServiceTest" time="0.638">
    <error message="
### Error querying database.  Cause: org.postgresql.util.PSQLException: ERROR: missing FROM-clause entry for table &quot;t&quot;
  位置：161
### The error may exist in file [/home/ljf/selflifegit/selflife/target/test-classes/mapper/QueryCommandAllMapper.xml]
### The error may involve defaultParameterMap
### The error occurred while setting parameters
### SQL: SELECT  to_char(ec_command_time,&apos;yyyy-mm&apos;) as time,            count(distinct ec_command_id) as num        FROM bd_command_dt , bd_techcat_dt c           where t.ec_cattag_code=c.ec_cattag_code           and ec_cattag_status=0 group by time
### Cause: org.postgresql.util.PSQLException: ERROR: missing FROM-clause entry for table &quot;t&quot;
  位置：161
; bad SQL grammar []; nested exception is org.postgresql.util.PSQLException: ERROR: missing FROM-clause entry for table &quot;t&quot;
  位置：161" type="org.springframework.jdbc.BadSqlGrammarException">org.springframework.jdbc.BadSqlGrammarException: 
### Error querying database.  Cause: org.postgresql.util.PSQLException: ERROR: missing FROM-clause entry for table &quot;t&quot;
  位置：161
### The error may exist in file [/home/ljf/selflifegit/selflife/target/test-classes/mapper/QueryCommandAllMapper.xml]
### The error may involve defaultParameterMap
### The error occurred while setting parameters
### SQL: SELECT  to_char(ec_command_time,&apos;yyyy-mm&apos;) as time,            count(distinct ec_command_id) as num        FROM bd_command_dt , bd_techcat_dt c           where t.ec_cattag_code=c.ec_cattag_code           and ec_cattag_status=0 group by time
### Cause: org.postgresql.util.PSQLException: ERROR: missing FROM-clause entry for table &quot;t&quot;
  位置：161
; bad SQL grammar []; nested exception is org.postgresql.util.PSQLException: ERROR: missing FROM-clause entry for table &quot;t&quot;
  位置：161
	at org.springframework.jdbc.support.SQLErrorCodeSQLExceptionTranslator.doTranslate(SQLErrorCodeSQLExceptionTranslator.java:231)
	at org.springframework.jdbc.support.AbstractFallbackSQLExceptionTranslator.translate(AbstractFallbackSQLExceptionTranslator.java:73)
	at org.mybatis.spring.MyBatisExceptionTranslator.translateExceptionIfPossible(MyBatisExceptionTranslator.java:73)
	at org.mybatis.spring.SqlSessionTemplate$SqlSessionInterceptor.invoke(SqlSessionTemplate.java:371)
	at com.sun.proxy.$Proxy13.selectList(Unknown Source)
	at org.mybatis.spring.SqlSessionTemplate.selectList(SqlSessionTemplate.java:198)
	at org.apache.ibatis.binding.MapperMethod.executeForMany(MapperMethod.java:119)
	at org.apache.ibatis.binding.MapperMethod.execute(MapperMethod.java:63)
	at org.apache.ibatis.binding.MapperProxy.invoke(MapperProxy.java:52)
	at com.sun.proxy.$Proxy19.queryCommandAllByTime(Unknown Source)
	at com.selflife.service.impl.QueryCommandAllServiceImpl.queryCommandAllByTime(QueryCommandAllServiceImpl.java:26)
	at com.selflife.service.test.QueryCommandAllServiceTest.queryCommandsByTimeServiceTest(QueryCommandAllServiceTest.java:35)
	at sun.reflect.NativeMethodAccessorImpl.invoke0(Native Method)
	at sun.reflect.NativeMethodAccessorImpl.invoke(NativeMethodAccessorImpl.java:62)
	at sun.reflect.DelegatingMethodAccessorImpl.invoke(DelegatingMethodAccessorImpl.java:43)
	at java.lang.reflect.Method.invoke(Method.java:497)
	at org.junit.runners.model.FrameworkMethod$1.runReflectiveCall(FrameworkMethod.java:47)
	at org.junit.internal.runners.model.ReflectiveCallable.run(ReflectiveCallable.java:12)
	at org.junit.runners.model.FrameworkMethod.invokeExplosively(FrameworkMethod.java:44)
	at org.junit.internal.runners.statements.InvokeMethod.evaluate(InvokeMethod.java:17)
	at org.junit.internal.runners.statements.RunBefores.evaluate(RunBefores.java:26)
	at org.junit.runners.ParentRunner.runLeaf(ParentRunner.java:271)
	at org.junit.runners.BlockJUnit4ClassRunner.runChild(BlockJUnit4ClassRunner.java:70)
	at org.junit.runners.BlockJUnit4ClassRunner.runChild(BlockJUnit4ClassRunner.java:50)
	at org.junit.runners.ParentRunner$3.run(ParentRunner.java:238)
	at org.junit.runners.ParentRunner$1.schedule(ParentRunner.java:63)
	at org.junit.runners.ParentRunner.runChildren(ParentRunner.java:236)
	at org.junit.runners.ParentRunner.access$000(ParentRunner.java:53)
	at org.junit.runners.ParentRunner$2.evaluate(ParentRunner.java:229)
	at org.junit.runners.ParentRunner.run(ParentRunner.java:309)
	at org.apache.maven.surefire.junit4.JUnit4Provider.execute(JUnit4Provider.java:252)
	at org.apache.maven.surefire.junit4.JUnit4Provider.executeTestSet(JUnit4Provider.java:141)
	at org.apache.maven.surefire.junit4.JUnit4Provider.invoke(JUnit4Provider.java:112)
	at sun.reflect.NativeMethodAccessorImpl.invoke0(Native Method)
	at sun.reflect.NativeMethodAccessorImpl.invoke(NativeMethodAccessorImpl.java:62)
	at sun.reflect.DelegatingMethodAccessorImpl.invoke(DelegatingMethodAccessorImpl.java:43)
	at java.lang.reflect.Method.invoke(Method.java:497)
	at org.apache.maven.surefire.util.ReflectionUtils.invokeMethodWithArray(ReflectionUtils.java:189)
	at org.apache.maven.surefire.booter.ProviderFactory$ProviderProxy.invoke(ProviderFactory.java:165)
	at org.apache.maven.surefire.booter.ProviderFactory.invokeProvider(ProviderFactory.java:85)
	at org.apache.maven.surefire.booter.ForkedBooter.runSuitesInProcess(ForkedBooter.java:115)
	at org.apache.maven.surefire.booter.ForkedBooter.main(ForkedBooter.java:75)
Caused by: org.postgresql.util.PSQLException: ERROR: missing FROM-clause entry for table &quot;t&quot;
  位置：161
	at org.postgresql.core.v3.QueryExecutorImpl.receiveErrorResponse(QueryExecutorImpl.java:2198)
	at org.postgresql.core.v3.QueryExecutorImpl.processResults(QueryExecutorImpl.java:1927)
	at org.postgresql.core.v3.QueryExecutorImpl.execute(QueryExecutorImpl.java:255)
	at org.postgresql.jdbc2.AbstractJdbc2Statement.execute(AbstractJdbc2Statement.java:561)
	at org.postgresql.jdbc2.AbstractJdbc2Statement.executeWithFlags(AbstractJdbc2Statement.java:419)
	at org.postgresql.jdbc2.AbstractJdbc2Statement.execute(AbstractJdbc2Statement.java:412)
	at com.alibaba.druid.pool.DruidPooledPreparedStatement.execute(DruidPooledPreparedStatement.java:493)
	at org.apache.ibatis.executor.statement.PreparedStatementHandler.query(PreparedStatementHandler.java:59)
	at org.apache.ibatis.executor.statement.RoutingStatementHandler.query(RoutingStatementHandler.java:73)
	at org.apache.ibatis.executor.SimpleExecutor.doQuery(SimpleExecutor.java:60)
	at org.apache.ibatis.executor.BaseExecutor.queryFromDatabase(BaseExecutor.java:267)
	at org.apache.ibatis.executor.BaseExecutor.query(BaseExecutor.java:137)
	at org.apache.ibatis.executor.CachingExecutor.query(CachingExecutor.java:90)
	at org.apache.ibatis.executor.CachingExecutor.query(CachingExecutor.java:77)
	at org.apache.ibatis.session.defaults.DefaultSqlSession.selectList(DefaultSqlSession.java:108)
	at org.apache.ibatis.session.defaults.DefaultSqlSession.selectList(DefaultSqlSession.java:102)
	at sun.reflect.NativeMethodAccessorImpl.invoke0(Native Method)
	at sun.reflect.NativeMethodAccessorImpl.invoke(NativeMethodAccessorImpl.java:62)
	at sun.reflect.DelegatingMethodAccessorImpl.invoke(DelegatingMethodAccessorImpl.java:43)
	at java.lang.reflect.Method.invoke(Method.java:497)
	at org.mybatis.spring.SqlSessionTemplate$SqlSessionInterceptor.invoke(SqlSessionTemplate.java:358)
	... 38 more
</error>
    <system-out>[2015-08-19 21:47:37,567 INFO main org.springframework.context.support.ClassPathXmlApplicationContext] Refreshing org.springframework.context.support.ClassPathXmlApplicationContext@f80945f: startup date [Wed Aug 19 21:47:37 CST 2015]; root of context hierarchy
[2015-08-19 21:47:37,570 INFO main org.springframework.beans.factory.xml.XmlBeanDefinitionReader] Loading XML bean definitions from class path resource [conf/spring.xml]
[2015-08-19 21:47:37,666 INFO main org.springframework.beans.factory.xml.XmlBeanDefinitionReader] Loading XML bean definitions from class path resource [conf/spring-mybatis.xml]
[2015-08-19 21:47:37,766 INFO main org.springframework.context.support.PropertySourcesPlaceholderConfigurer] Loading properties file from class path resource [conf/db.properties]
[2015-08-19 21:47:37,800 ERROR main com.alibaba.druid.pool.DruidAbstractDataSource] maxIdle is deprecated
[2015-08-19 21:47:37,802 ERROR main com.alibaba.druid.pool.DruidDataSource] testWhileIdle is true, validationQuery not set
[2015-08-19 21:47:37,831 INFO main com.alibaba.druid.pool.DruidDataSource] {dataSource-4} inited
[2015-08-19 21:47:38,138 INFO main org.springframework.beans.factory.xml.XmlBeanDefinitionReader] Loading XML bean definitions from class path resource [org/springframework/jdbc/support/sql-error-codes.xml]
[2015-08-19 21:47:38,178 INFO main org.springframework.jdbc.support.SQLErrorCodesFactory] SQLErrorCodes loaded: [DB2, Derby, H2, HSQL, Informix, MS-SQL, MySQL, Oracle, PostgreSQL, Sybase, Hana]
</system-out>
  </testcase>
  <testcase classname="com.selflife.service.test.QueryCommandAllServiceTest" name="queryCommandsByCattagServiceTest" time="0.647"/>
</testsuite>